Using pre-set license
Built from '2020.2/staging' branch; Version is '2020.2.0b11 (c499c2bf2e80) revision 12884418'; Using compiler version '192528614'; Build Type 'Release'
OS: 'Windows 10  (10.0.0) 64bit' Language: 'nl' Physical Memory: 8038 MB
BatchMode: 1, IsHumanControllingUs: 0, StartBugReporterOnCrash: 0, Is64bit: 1, IsPro: 0

 COMMAND LINE ARGUMENTS:
D:\Games\Unity\2020.2.0b11\Editor\Unity.exe
-adb2
-batchMode
-noUpm
-name
AssetImportWorker0
-projectPath
D:/Users/Wouter/Documents/HKU/Kernmodule 2/One Push
-logFile
Logs/AssetImportWorker0.log
-srvPort
55895
Successfully changed project path to: D:/Users/Wouter/Documents/HKU/Kernmodule 2/One Push
D:/Users/Wouter/Documents/HKU/Kernmodule 2/One Push
Using Asset Import Pipeline V2.
Refreshing native plugins compatible for Editor in 42.65 ms, found 1 plugins.
Preloading 0 native plugins for Editor in 0.00 ms.
Initialize engine version: 2020.2.0b11 (c499c2bf2e80)
[Subsystems] Discovering subsystems at path D:/Games/Unity/2020.2.0b11/Editor/Data/Resources/UnitySubsystems
[Subsystems] Discovering subsystems at path D:/Users/Wouter/Documents/HKU/Kernmodule 2/One Push/Assets
GfxDevice: creating device client; threaded=0
Direct3D:
    Version:  Direct3D 11.0 [level 11.1]
    Renderer: NVIDIA GeForce GTX 1060 (ID=0x1c20)
    Vendor:   
    VRAM:     6052 MB
    Driver:   24.21.13.9901
Initialize mono
Mono path[0] = 'D:/Games/Unity/2020.2.0b11/Editor/Data/Managed'
Mono path[1] = 'D:/Games/Unity/2020.2.0b11/Editor/Data/MonoBleedingEdge/lib/mono/unityjit'
Mono config path = 'D:/Games/Unity/2020.2.0b11/Editor/Data/MonoBleedingEdge/etc'
Using monoOptions --debugger-agent=transport=dt_socket,embedding=1,server=y,suspend=n,address=127.0.0.1:56176
Begin MonoManager ReloadAssembly
Registering precompiled unity dll's ...
Register platform support module: D:/Games/Unity/2020.2.0b11/Editor/Data/PlaybackEngines/WindowsStandaloneSupport/UnityEditor.WindowsStandalone.Extensions.dll
Registered in 0.000900 seconds.
Native extension for WindowsStandalone target not found
Refreshing native plugins compatible for Editor in 35.79 ms, found 1 plugins.
Preloading 0 native plugins for Editor in 0.00 ms.
Invoked RoslynAnalysisRunner static constructor.
RoslynAnalysisRunner will not be running.
RoslynAnalysisRunner has terminated.
Mono: successfully reloaded assembly
- Completed reload, in  0.897 seconds
Platform modules already initialized, skipping
Registering precompiled user dll's ...
Registered in 0.000745 seconds.
Begin MonoManager ReloadAssembly
Native extension for WindowsStandalone target not found
Refreshing native plugins compatible for Editor in 35.10 ms, found 1 plugins.
Preloading 0 native plugins for Editor in 0.00 ms.
Invoked RoslynAnalysisRunner static constructor.
RoslynAnalysisRunner will not be running.
RoslynAnalysisRunner has terminated.
Mono: successfully reloaded assembly
- Completed reload, in  0.817 seconds
Platform modules already initialized, skipping
========================================================================
Worker process is ready to serve import requests
Launched and connected shader compiler UnityShaderCompiler.exe after 0.04 seconds
Refreshing native plugins compatible for Editor in 0.43 ms, found 1 plugins.
Preloading 0 native plugins for Editor in 0.00 ms.
Unloading 1805 Unused Serialized files (Serialized files now loaded: 0)
System memory in use before: 87.2 MB.
System memory in use after: 87.2 MB.

Unloading 24 unused Assets to reduce memory usage. Loaded Objects now: 2246.
Total: 2.247900 ms (FindLiveObjects: 0.371300 ms CreateObjectMapping: 0.089500 ms MarkObjects: 1.683700 ms  DeleteObjects: 0.101700 ms)

========================================================================
Received Import Request.
  path: Assets/Pixel Adventure 1/Assets/Terrain/Tiles/Terrain (16x16)_9.asset
  artifactKey: Guid(3f09c46519f6af04dbdf4ffd90f18998) Importer(815301076,1909f56bfc062723c751e8b465ee728b)
Start importing Assets/Pixel Adventure 1/Assets/Terrain/Tiles/Terrain (16x16)_9.asset using Guid(3f09c46519f6af04dbdf4ffd90f18998) Importer(815301076,1909f56bfc062723c751e8b465ee728b)  -> (artifact id: '7751be02b71ba3ecaec22146749f5f7d') in 0.127052 seconds
  Import took 0.131274 seconds .

========================================================================
Received Import Request.
  Time since last request: 0.000387 seconds.
  path: Assets/Pixel Adventure 1/Assets/Terrain/Tiles/Terrain (16x16)_18.asset
  artifactKey: Guid(4052819f58ecda645bd9784d37521406) Importer(815301076,1909f56bfc062723c751e8b465ee728b)
Start importing Assets/Pixel Adventure 1/Assets/Terrain/Tiles/Terrain (16x16)_18.asset using Guid(4052819f58ecda645bd9784d37521406) Importer(815301076,1909f56bfc062723c751e8b465ee728b)  -> (artifact id: 'fb8c73f99cd1f7995265be6bb433e380') in 0.034612 seconds
  Import took 0.038398 seconds .

========================================================================
Received Import Request.
  Time since last request: 0.000322 seconds.
  path: Assets/Pixel Adventure 1/Assets/Terrain/Tiles/Terrain (16x16)_8.asset
  artifactKey: Guid(101fdefe67ad951428275cfde7788cd0) Importer(815301076,1909f56bfc062723c751e8b465ee728b)
Start importing Assets/Pixel Adventure 1/Assets/Terrain/Tiles/Terrain (16x16)_8.asset using Guid(101fdefe67ad951428275cfde7788cd0) Importer(815301076,1909f56bfc062723c751e8b465ee728b)  -> (artifact id: '8244b5a8297286f403e9e26804c0e96d') in 0.032943 seconds
  Import took 0.036252 seconds .

AssetImportWorkerClient::OnTransportError - code=2 error=End of file
